LOG FILE
 2022-11-26 9:50:26 Playing media([object Object]).
 2022-11-26 9:50:26 Playing media([object Object]).
 2022-11-26 9:50:26 Playing media([object Object]).
 2022-11-26 9:50:26 Playing media([object Object]).
 2022-11-26 10:0:34 Removing playing media([object Object]).
 2022-11-26 10:0:34 Playing media(slovenc.mp4).
 2022-11-26 10:0:34 Playing media(image.png).
 2022-11-26 10:3:12 Playing media(redditsave.com_fr-0k1rxtnnimz91.mp4).
 2022-11-26 10:3:12 Playing media(slovenc.mp4).
 2022-11-26 10:5:27 Playing media(redditsave.com_fr-0k1rxtnnimz91.mp4).
 2022-11-26 10:5:27 Playing media(redditsave.com_n-q04vt0lc42z91-220.mp4).
 2022-11-26 10:6:10 Playing media(redditsave.com_fr-0k1rxtnnimz91.mp4).
 2022-11-26 10:6:10 Playing media(3p2y5cf2q9u81.mp4).
 2022-11-26 10:12:59 File added(slovenc.mp4).
 2022-11-26 10:12:59 File deleted(image.png).
 2022-11-26 11:22:58 Removing active media.
 2022-11-26 11:22:58 Removing active media.
 2022-11-26 11:22:58 Removing active media.
 2022-11-26 11:22:58 Removing active media.
 2022-11-26 11:22:58 Removing active media.
 2022-11-26 11:22:58 Removing active media.
 2022-11-26 11:22:58 Removing active media.
 2022-11-26 11:22:58 Removing active media.
 2022-11-26 11:22:58 Removing active media.
 2022-11-26 11:22:58 File added(carbon.png).
 2022-11-26 11:22:58 File added(image.png).
 2022-11-26 11:22:58 Playing media(image.png).
 2022-11-26 11:22:58 Playing media(3p2y5cf2q9u81.mp4).
 2022-11-26 11:22:58 Playing media(slovenc.mp4).
 2022-11-26 11:22:58 Removing active media.
 2022-11-26 11:22:58 Removing active media.
 2022-11-26 12:20:56 Playing media(slovenc.mp4).
 2022-11-26 12:20:56 Playing media(image.png).
 2022-11-26 12:20:56 Removing active media.
 2022-11-26 12:20:56 Removing active media.
 2022-11-26 12:20:56 Removing active media.
 2022-11-26 12:20:56 Playing media(slovenc.mp4).
 2022-11-26 12:20:56 Playing media(slovenc.mp4).
 2022-11-26 12:20:56 Removing active media.
 2022-11-26 12:34:8 Removing active media.
 2022-11-26 12:34:33 Removing active media.
 2022-11-26 12:35:44 Removing active media.
 2022-11-26 18:0:44 Removed active media.
 2022-11-26 18:0:44 Removed active media.
 2022-11-26 18:0:44 Removed active media.
 2022-11-26 20:49:49 Removed active media.
 2022-11-26 20:49:49 Removed active media.
 2022-11-26 20:49:49 Removed active media.
 2022-11-26 20:49:49 Removed active media.
 2022-11-26 20:49:49 Removed active media.
 2022-11-26 20:49:49 Removed active media.
 2022-11-26 20:49:49 Removed active media.
 2022-11-26 20:49:49 Removed active media.
 2022-11-26 21:12:36 Set active media(redditsave.com_fr-0k1rxtnnimz91.mp4).
 2022-11-26 21:13:39 Set active media(redditsave.com_fr-0k1rxtnnimz91.mp4).
 2022-11-26 21:16:2 Set active media(slovenc.mp4).
 2022-11-26 21:17:56 Removed active media.
 2022-11-26 21:18:58 Removed active media.